00000001	0.00000000	[23604] #; time; x; y; z; tx; ty; tz; ax; ay	
00000002	0.04434580	[23604] -5067.2768554688; 4121.845703125; 20.158290863037; 0; 0; 0; -0.1023448307579; -0.003086052896903	
00000003	16.17744255	[23604] -5021.6435546875; 4061.8981933594; 18.186376571655; -2757.3908691406; 4410.5483398438; 464.27334594727; 0.0046307437503529; -0.030516638939979	
00000004	16.19340706	[23604] -5021.1025390625; 4061.9501953125; 18.291307449341; -2758.3916015625; 4413.3862304688; 464.30038452148; 0.0032997712093518; -0.031878235578669	
00000005	16.20941734	[23604] -5020.4228515625; 4062.0249023438; 18.425611495972; -2759.4169921875; 4416.2138671875; 464.31954956055; 0.0018854974727274; -0.033480384373774	
00000006	16.22540092	[23604] -5019.6059570313; 4062.1220703125; 18.58941078186; -2760.4897460938; 4419.0263671875; 464.34564208984; 0.00035170434721324; -0.035261489555646	
00000007	16.24149513	[23604] -5018.6538085938; 4062.2416992188; 18.782890319824; -2761.5922851563; 4421.8276367188; 464.36108398438; -0.0013332140395139; -0.03716416260438	
00000008	16.25738907	[23604] -5017.56640625; 4062.3835449219; 19.00629234314; -2762.7407226563; 4424.6103515625; 464.40197753906; -0.0031917337667721; -0.039092968612035	
00000009	16.27344704	[23604] -5016.3461914063; 4062.5476074219; 19.259899139404; -2763.9240722656; 4427.3798828125; 464.42358398438; -0.0052408985711274; -0.040977922647519	
00000010	16.28945351	[23604] -5014.9936523438; 4062.7333984375; 19.544017791748; -2765.1291503906; 4430.13671875; 464.44912719727; -0.007484706444288; -0.042711252238719	
00000011	16.30537415	[23604] -5013.5102539063; 4062.9406738281; 19.858957290649; -2766.3798828125; 4432.8735351563; 464.47702026367; -0.0099137889186525; -0.044186823296026	
00000012	16.32137489	[23604] -5011.8969726563; 4063.1691894531; 20.204996109009; -2767.6579589844; 4435.5932617188; 464.49481201172; -0.012506278789473; -0.04530544820583	
00000013	16.33746147	[23604] -5010.1557617188; 4063.4182128906; 20.582359313965; -2768.9794921875; 4438.3051757813; 464.51843261719; -0.015230778043697; -0.045958047810749	
00000014	16.35341835	[23604] -5008.287109375; 4063.6875; 20.991170883179; -2770.3332519531; 4440.9975585938; 464.54925537109; -0.018029946414438; -0.046055301863355	
00000015	16.36941528	[23604] -5006.2924804688; 4063.9765625; 21.43141746521; -2771.71484375; 4443.6596679688; 464.57150268555; -0.020833995380594; -0.045534375051703	
00000016	16.38552475	[23604] -5004.1723632813; 4064.2846679688; 21.902914047241; -2773.1420898438; 4446.3173828125; 464.60385131836; -0.023579490555784; -0.044344091543498	
00000017	16.40193939	[23604] -5001.9282226563; 4064.6110839844; 22.405267715454; -2774.5922851563; 4448.95703125; 464.62088012695; -0.026176037374125; -0.042490127214977	
00000018	16.41802788	[23604] -4999.560546875; 4064.9555664063; 22.937854766846; -2776.083984375; 4451.5639648438; 464.65325927734; -0.028534396801654; -0.039991870928342	
00000019	16.43743706	[23604] -4997.0708007813; 4065.3173828125; 23.499813079834; -2777.6115722656; 4454.1704101563; 464.67477416992; -0.030588880774795; -0.036939765273999	
00000020	16.44994164	[23604] -4994.458984375; 4065.6962890625; 24.090047836304; -2779.1506347656; 4456.7475585938; 464.69259643555; -0.032258633717233; -0.033454564780836	
00000021	16.46549988	[23604] -4991.7265625; 4066.0920410156; 24.707258224487; -2780.7473144531; 4459.2998046875; 464.71957397461; -0.033502159336663; -0.029688039752587	
00000022	16.48143959	[23604] -4988.8740234375; 4066.5046386719; 25.349998474121; -2782.3635253906; 4461.8408203125; 464.74612426758; -0.034302600215163; -0.025837424262631	
00000023	16.49738884	[23604] -4985.9018554688; 4066.9340820313; 26.016752243042; -2784.01953125; 4464.3559570313; 464.76504516602; -0.034666029604234; -0.022107973498417	
00000024	16.51359558	[23604] -4982.8115234375; 4067.3806152344; 26.706016540527; -2785.703125; 4466.8486328125; 464.79925537109; -0.03463753407073; -0.018690764721956	
00000025	16.52936554	[23604] -4979.6030273438; 4067.8447265625; 27.416410446167; -2787.4245605469; 4469.3271484375; 464.82556152344; -0.034297030806201; -0.015770198552604	
00000026	16.54556084	[23604] -4976.2778320313; 4068.3269042969; 28.146774291992; -2789.1684570313; 4471.7680664063; 464.84466552734; -0.033734912792652; -0.013477488810249	
00000027	16.56143570	[23604] -4972.8364257813; 4068.8283691406; 28.896255493164; -2790.9401855469; 4474.2099609375; 464.85525512695; -0.033085639950118; -0.011882132684153	
00000028	16.57745934	[23604] -4969.2802734375; 4069.3493652344; 29.664360046387; -2792.7568359375; 4476.6127929688; 464.88360595703; -0.032454332642163; -0.010967510903898	
00000029	16.59340858	[23604] -4965.6108398438; 4069.890625; 30.450975418091; -2794.5893554688; 4478.9897460938; 464.90640258789; -0.031954617156858; -0.010669027191726	
00000030	16.60943985	[23604] -4961.8286132813; 4070.453125; 31.256340026855; -2796.4731445313; 4481.3505859375; 464.93817138672; -0.031678637676674; -0.010833941267542	
00000031	16.62541199	[23604] -4957.9345703125; 4071.037109375; 32.080955505371; -2798.3693847656; 4483.6821289063; 464.96566772461; -0.03166689329842; -0.011279653491264	
00000032	16.64150620	[23604] -4953.9311523438; 4071.642578125; 32.925487518311; -2800.3046875; 4485.9897460938; 464.98825073242; -0.031929816006912; -0.011791539683286	
00000033	16.65751266	[23604] -4949.818359375; 4072.2700195313; 33.790599822998; -2802.2600097656; 4488.2778320313; 465.00674438477; -0.03243109590001; -0.01216729152517	
00000034	16.67337608	[23604] -4945.59765625; 4072.9191894531; 34.67684173584; -2804.2404785156; 4490.5434570313; 465.01226806641; -0.033096218659389; -0.012246793931955	
00000035	16.68939018	[23604] -4941.2700195313; 4073.58984375; 35.584487915039; -2806.2609863281; 4492.78125; 465.04339599609; -0.033826490211598; -0.011912540054228	
00000036	16.70535278	[23604] -4936.8364257813; 4074.2814941406; 36.513500213623; -2808.310546875; 4494.9780273438; 465.06652832031; -0.034511267758285; -0.011159316025347	
00000037	16.72132111	[23604] -4932.2973632813; 4074.9943847656; 37.463474273682; -2810.3898925781; 4497.1606445313; 465.09753417969; -0.035069880979454; -0.010037987411257	
00000038	16.73739624	[23604] -4927.6547851563; 4075.7280273438; 38.433731079102; -2812.4887695313; 4499.314453125; 465.1242980957; -0.035430487176973; -0.0086761552341156	
00000039	16.75844002	[23604] -4922.908203125; 4076.4826660156; 39.42338180542; -2814.6208496094; 4501.4462890625; 465.14422607422; -0.035571141264198; -0.0072327085762984	
00000040	16.76937866	[23604] -4918.05859375; 4077.2585449219; 40.431503295898; -2816.7741699219; 4503.541015625; 465.15341186523; -0.035499546576339; -0.0058730003542314	
00000041	16.78536797	[23604] -4913.107421875; 4078.0559082031; 41.457286834717; -2818.951171875; 4505.6323242188; 465.16729736328; -0.035281878184997; -0.0047234715042081	
00000042	16.80134583	[23604] -4908.0551757813; 4078.8757324219; 42.500148773193; -2821.1643066406; 4507.6645507813; 465.19705200195; -0.034966978613518; -0.0038544290595269	
00000043	16.81732559	[23604] -4902.9028320313; 4079.7185058594; 43.559814453125; -2823.4016113281; 4509.6850585938; 465.22671508789; -0.034652535492212; -0.0032838603235961	
00000044	16.83339882	[23604] -4897.6513671875; 4080.5844726563; 44.63631439209; -2825.6696777344; 4511.6616210938; 465.24478149414; -0.034388955827793; -0.0029605261389079	
00000045	16.84940720	[23604] -4892.3022460938; 4081.4743652344; 45.729907989502; -2827.9458007813; 4513.6274414063; 465.26528930664; -0.034226189315645; -0.0027798796790888	
00000046	16.86539078	[23604] -4886.8559570313; 4082.3879394531; 46.840972900391; -2830.2602539063; 4515.5517578125; 465.2825012207; -0.034157455626648; -0.0026243613069507	
00000047	16.88161087	[23604] -4881.3139648438; 4083.3259277344; 47.969860076904; -2832.5935058594; 4517.4663085938; 465.30130004883; -0.034169015180365; -0.0023914938269316	
00000048	16.89744186	[23604] -4875.6767578125; 4084.2880859375; 49.116771697998; -2834.9548339844; 4519.3251953125; 465.31076049805; -0.034194590089387; -0.0020214540901255	
00000049	16.91347885	[23604] -4869.9453125; 4085.2744140625; 50.281703948975; -2837.3410644531; 4521.16796875; 465.34701538086; -0.034200256723897; -0.0014865883438774	
00000050	16.92945671	[23604] -4864.1206054688; 4086.2849121094; 51.464431762695; -2839.744140625; 4522.9721679688; 465.3639831543; -0.034133266902337; -0.00084528071274159	
00000051	16.94542122	[23604] -4858.2036132813; 4087.3198242188; 52.664585113525; -2842.17578125; 4524.75; 465.37481689453; -0.033978917435506; -0.0001594100705837	
00000052	16.96148300	[23604] -4852.1943359375; 4088.3791503906; 53.881732940674; -2844.6271972656; 4526.5034179688; 465.40020751953; -0.033740605570436; 0.0005034756623043	
00000053	16.97747612	[23604] -4846.0947265625; 4089.4631347656; 55.115509033203; -2847.1049804688; 4528.2192382813; 465.41610717773; -0.033436828574801; 0.0010721005984976	
00000054	16.99359322	[23604] -4839.9047851563; 4090.5725097656; 56.365688323975; -2849.5922851563; 4529.8959960938; 465.4250793457; -0.033099265096482; 0.001518201185731	
00000055	17.00945282	[23604] -4833.6259765625; 4091.7072753906; 57.632202148438; -2852.1171875; 4531.5571289063; 465.44610595703; -0.032774885577276; 0.0018621524830175	
00000056	17.02546310	[23604] -4827.2592773438; 4092.8679199219; 58.915149688721; -2854.654296875; 4533.1723632813; 465.46752929688; -0.032468017328318; 0.002134055121527	
00000057	17.04142380	[23604] -4820.8046875; 4094.0546875; 60.214691162109; -2857.2080078125; 4534.755859375; 465.48193359375; -0.032190519772571; 0.0023801105916307	
00000058	17.05745697	[23604] -4814.2641601563; 4095.267578125; 61.530979156494; -2859.7895507813; 4536.314453125; 465.49719238281; -0.031936752904623; 0.0026481691635563	
00000059	17.07349777	[23604] -4807.6376953125; 4096.5068359375; 62.864105224609; -2862.3913574219; 4537.8291015625; 465.51831054688; -0.031677300053443; 0.0029628823860048	
00000060	17.08946800	[23604] -4800.9267578125; 4097.7719726563; 64.214042663574; -2865.01171875; 4539.3208007813; 465.53588867188; -0.031402614302698; 0.0033168405391812	
00000061	17.10544014	[23604] -4794.1318359375; 4099.0639648438; 65.580673217773; -2867.6394042969; 4540.779296875; 465.54034423828; -0.031094425711336; 0.0036828263469052	
00000062	17.12156296	[23604] -4787.25390625; 4100.3823242188; 66.963836669922; -2870.2934570313; 4542.1987304688; 465.55123901367; -0.030750112822033; 0.0040426082666046	
00000063	17.13741875	[23604] -4780.2934570313; 4101.7270507813; 68.363395690918; -2872.9758300781; 4543.591796875; 465.57626342773; -0.0085200772196687; 0.041938393538999	
00000064	17.15347862	[23604] -4773.2514648438; 4103.0991210938; 69.779251098633; -2875.6518554688; 4544.9311523438; 465.58102416992; 0.065944451824619; -0.041222153245958	
00000065	17.16943169	[23604] -4766.1284179688; 4104.498046875; 71.211395263672; -2878.3718261719; 4546.2578125; 465.60314941406; -0.053112301048047; 0.070117775181299	
00000066	17.18546486	[23604] -4758.92578125; 4105.923828125; 72.659881591797; -2881.0905761719; 4547.5327148438; 465.62551879883; 0.068465120001699; -0.0012718912487802	
00000067	17.20143127	[23604] -4751.64453125; 4107.376953125; 74.12580871582; -2883.8359375; 4548.7768554688; 465.63848876953; -0.0095414504608382; 0.0018379008904499	
00000068	17.21747398	[23604] -4744.2836914063; 4108.8520507813; 75.610404968262; -2886.5854492188; 4549.9990234375; 465.64001464844; -0.0033354488320391; -0.009314159518435	
00000069	17.23341370	[23604] -4736.8442382813; 4110.3427734375; 77.115348815918; -2889.353515625; 4551.1831054688; 465.64752197266; 0.023420297407486; 0.035237583606829	
00000070	17.24938583	[23604] -4729.3247070313; 4111.8393554688; 78.641288757324; -2892.1428222656; 4552.3227539063; 465.65591430664; 0.027731020258351; 0.016739648020923	
00000071	17.27315521	[23604] -4721.7255859375; 4113.3393554688; 80.189956665039; -2894.9445800781; 4553.42578125; 465.67990112305; 0.013888866711819; 0.044083216829059	
00000072	17.28338051	[23604] -4714.0478515625; 4114.84375; 81.759864807129; -2897.7561035156; 4554.4926757813; 465.69781494141; 0.015803383772202; -0.0055918965405865	
00000073	17.29753113	[23604] -4706.2915039063; 4116.3579101563; 83.346649169922; -2900.5895996094; 4555.5219726563; 465.71109008789; 0.012721740195211; 0.013292825871584	
00000074	17.31343079	[23604] -4698.4584960938; 4117.8862304688; 84.94832611084; -2903.4289550781; 4556.5278320313; 465.72579956055; -0.0067686640437027; 0.016168884112239	
00000075	17.32939339	[23604] -4690.5493164063; 4119.4267578125; 86.569229125977; -2906.2717285156; 4557.4877929688; 465.72302246094; 0.04224319123742; -0.021654298508146	
00000076	17.34537506	[23604] -4682.5659179688; 4120.9750976563; 88.216041564941; -2909.1450195313; 4558.4223632813; 465.72601318359; -0.021259523485649; 0.042843105853469	
00000077	17.36137962	[23604] -4674.5087890625; 4122.5268554688; 89.891479492188; -2912.01953125; 4559.3125; 465.74017333984; 0.042459542995958; 0.029317717052919	
00000078	17.37741852	[23604] -4666.376953125; 4124.0825195313; 91.591133117676; -2914.9089355469; 4560.1455078125; 465.76116943359; 0.047606399604441; 0.027423740460918	
00000079	17.39343452	[23604] -4658.1713867188; 4125.6469726563; 93.307594299316; -2917.8107910156; 4560.9711914063; 465.77529907227; -0.053582597064749; -0.0029586717109011	
00000080	17.40945625	[23604] -4649.8916015625; 4127.2221679688; 95.035484313965; -2920.7136230469; 4561.7407226563; 465.78063964844; 0.070551837597727; -0.0002082837660888	
00000081	17.42537308	[23604] -4641.5390625; 4128.80859375; 96.776359558105; -2923.6389160156; 4562.4897460938; 465.79144287109; -0.033998600363588; 0.035828251516514	
00000082	17.44145203	[23604] -4633.1147460938; 4130.4018554688; 98.54084777832; -2926.5556640625; 4563.1938476563; 465.79348754883; 0.047375896724523; -0.011655111855336	
00000083	17.45745659	[23604] -4624.6215820313; 4131.994140625; 100.33838653564; -2929.5014648438; 4563.8676757813; 465.7907409668; -0.015238284852957; 0.0200687328353	
00000084	17.47344208	[23604] -4616.0590820313; 4133.5859375; 102.16661071777; -2932.4453125; 4564.4780273438; 465.81597900391; 0.077003687611623; 0.068764942474436	
00000085	17.48954964	[23604] -4607.4262695313; 4135.1850585938; 104.01380157471; -2935.3911132813; 4565.0786132813; 465.82293701172; -0.051434257437807; -0.037312752202194	
00000086	17.50545692	[23604] -4598.7236328125; 4136.7954101563; 105.87201690674; -2938.3583984375; 4565.6225585938; 465.83410644531; 0.057350851820271; 0.041397192969847	
00000087	17.52139282	[23604] -4589.951171875; 4138.416015625; 107.74210357666; -2941.3286132813; 4566.1455078125; 465.83645629883; -0.023931401301976; -0.0075983542255175	
00000088	17.53745842	[23604] -4581.1108398438; 4140.0419921875; 109.63124847412; -2944.2897949219; 4566.6235351563; 465.83712768555; 0.043460395720644; 0.011991074202283	
00000089	17.55341148	[23604] -4572.2036132813; 4141.6650390625; 111.55140686035; -2947.2770996094; 4567.064453125; 465.84161376953; -0.0026343950297615; 0.034124244528669	
00000090	17.56938744	[23604] -4563.2319335938; 4143.2841796875; 113.50562286377; -2950.2619628906; 4567.462890625; 465.85147094727; 0.029742167325853; 0.019610150850527	
00000091	17.58542442	[23604] -4554.1943359375; 4144.908203125; 115.4829788208; -2953.2458496094; 4567.822265625; 465.86053466797; 0.015736119178852; 0.010089794254012	
00000092	17.60148239	[23604] -4545.0903320313; 4146.54296875; 117.47250366211; -2956.2463378906; 4568.1547851563; 465.86447143555; -0.015478940508964; 0.011272246945107	
00000093	17.61739159	[23604] -4535.919921875; 4148.1870117188; 119.47163391113; -2959.2373046875; 4568.4370117188; 465.8645324707; 0.051171135237641; 0.0052947403898872	
00000094	17.63345718	[23604] -4526.6840820313; 4149.833984375; 121.49002075195; -2962.2431640625; 4568.681640625; 465.87564086914; -0.00011368105728952; 0.04593155702117	
00000095	17.64940453	[23604] -4517.3857421875; 4151.4770507813; 123.5403213501; -2965.2465820313; 4568.8901367188; 465.88201904297; 0.013743658010261; -0.002016776100609	
00000096	17.66550255	[23604] -4508.0258789063; 4153.1162109375; 125.62349700928; -2968.25; 4569.0688476563; 465.87203979492; -0.0022347045366819; -0.015132901162808	
00000097	17.68136406	[23604] -4498.6030273438; 4154.7602539063; 127.72861480713; -2971.2634277344; 4569.205078125; 465.87728881836; 0.021606232646288; 0.057686195889066	
00000098	17.69742584	[23604] -4489.1176757813; 4156.4116210938; 129.84625244141; -2974.2731933594; 4569.2939453125; 465.87924194336; 0.032021609798284; -0.00032007314434497	
00000099	17.71340179	[23604] -4479.5693359375; 4158.0639648438; 131.98115539551; -2977.2785644531; 4569.3486328125; 465.88275146484; 0.0029056393523666; 0.018628804288761	
00000100	17.72940254	[23604] -4469.9599609375; 4159.7158203125; 134.14176940918; -2980.2922363281; 4569.3681640625; 465.88970947266; 0.0038893021993865; 0.025774982642971	
00000101	17.74548721	[23604] -4460.291015625; 4161.37109375; 136.32398986816; -2983.3061523438; 4569.3442382813; 465.89352416992; 0.024638214142964; 0.0078765130515497	
00000102	17.76147652	[23604] -4450.5620117188; 4163.033203125; 138.52575683594; -2986.3107910156; 4569.2734375; 465.89797973633; 0.031377316772025; 0.015589053135189	
00000103	17.79135704	[23604] -4440.7739257813; 4164.6928710938; 140.75260925293; -2989.3278808594; 4569.1909179688; 465.88757324219; -0.052334068178812; -0.0090831322762355	
00000104	17.79874992	[23604] -4430.9272460938; 4166.3461914063; 143.00602722168; -2992.3337402344; 4569.056640625; 465.87484741211; 0.057152426463252; 0.013853546124119	
00000105	17.80943298	[23604] -4421.0224609375; 4167.9990234375; 145.28475952148; -2995.3395996094; 4568.8754882813; 465.88049316406; 0.020136398022384; 0.054893374827035	
00000106	17.82536125	[23604] -4411.060546875; 4169.6567382813; 147.58609008789; -2998.3391113281; 4568.6557617188; 465.88531494141; 0.0099898560213456; 0.0030008304318482	
00000107	17.84150314	[23604] -4401.0405273438; 4171.3149414063; 149.90539550781; -3001.3439941406; 4568.4013671875; 465.88858032227; -0.001006226555885; 0.01666194602784	
00000108	17.85749245	[23604] -4390.9624023438; 4172.9794921875; 152.2367401123; -3004.3364257813; 4568.1064453125; 465.89364624023; 0.023186155489442; 0.015625896658306	
00000109	17.87350464	[23604] -4380.828125; 4174.6528320313; 154.58116149902; -3007.3361816406; 4567.775390625; 465.88940429688; -0.0019838679528458; 0.002330955258115	
00000110	17.88946533	[23604] -4370.638671875; 4176.3188476563; 156.95645141602; -3010.3149414063; 4567.4106445313; 465.87371826172; 0.012750094273633; -0.011217085732791	
00000111	17.90566635	[23604] -4360.396484375; 4177.9677734375; 159.37521362305; -3013.3107910156; 4567.013671875; 465.8571472168; -0.01400397417658; 0.029163563239634	
00000112	17.92161560	[23604] -4350.1020507813; 4179.6147460938; 161.82632446289; -3016.2744140625; 4566.556640625; 465.86557006836; 0.073270597177774; 0.051658283774737	
00000113	17.93752098	[23604] -4339.7534179688; 4181.2724609375; 164.29145812988; -3019.2541503906; 4566.0659179688; 465.86706542969; -0.025796200140835; 0.00057721734035278	
00000114	17.95345879	[23604] -4329.3491210938; 4182.94140625; 166.76174926758; -3022.2170410156; 4565.5458984375; 465.8642578125; 0.0032133265225268; 0.0025701532631137	
00000115	17.96947289	[23604] -4318.8881835938; 4184.6137695313; 169.23808288574; -3025.1730957031; 4564.974609375; 465.8645324707; 0.037543069967636; 0.02570503200124	
00000116	17.98542786	[23604] -4308.3745117188; 4186.2861328125; 171.7356262207; -3028.1240234375; 4564.3823242188; 465.84857177734; -0.032255864424594; -0.01868409927132	
00000117	18.00164032	[23604] -4297.8125; 4187.9448242188; 174.27836608887; -3031.0649414063; 4563.748046875; 465.82733154297; 0.025137744731882; 0.010778249883842	
00000118	18.01755714	[23604] -4287.205078125; 4189.5874023438; 176.87380981445; -3034.0009765625; 4563.0703125; 465.8235168457; 0.014755479322686; 0.051834259390782	
00000119	18.03367615	[23604] -4276.548828125; 4191.2353515625; 179.4991607666; -3036.921875; 4562.3471679688; 465.82608032227; 0.023220391362375; 0.014238398973876	
00000120	18.04945564	[23604] -4265.8408203125; 4192.8969726563; 182.13040161133; -3039.8395996094; 4561.5932617188; 465.81680297852; -0.014914043565143; -0.01044152427924	
00000121	18.06558800	[23604] -4255.078125; 4194.5668945313; 184.76072692871; -3042.7355957031; 4560.802734375; 465.80737304688; 0.015998889033967; 0.013212514088571	
00000122	18.08149529	[23604] -4244.2631835938; 4196.2392578125; 187.40190124512; -3045.6354980469; 4559.9741210938; 465.79476928711; -0.0019717256163242; 0.015123975869847	
00000123	18.09738350	[23604] -4233.4028320313; 4197.9018554688; 190.08326721191; -3048.5173339844; 4559.103515625; 465.77841186523; 0.020148081202291; 0.0025169827332124	
00000124	18.11337090	[23604] -4222.5014648438; 4199.5493164063; 192.8231048584; -3051.3845214844; 4558.2080078125; 465.75756835938; -0.020484759345012; 0.0026189505962942	
00000125	18.12943840	[23604] -4211.5561523438; 4201.1967773438; 195.60334777832; -3054.2473144531; 4557.2602539063; 465.75369262695; 0.035231351789955; 0.050826405785907	
00000126	18.14547920	[23604] -4200.5620117188; 4202.8618164063; 198.38917541504; -3057.0871582031; 4556.2719726563; 465.73782348633; 0.01034053497369; -0.026512853758325	
00000127	18.16142654	[23604] -4189.5166015625; 4204.5375976563; 201.17405700684; -3059.9223632813; 4555.2641601563; 465.72747802734; -0.036387938416449; 0.031623664966379	
00000128	18.17743492	[23604] -4178.4223632813; 4206.2075195313; 203.9764251709; -3062.7370605469; 4554.1997070313; 465.71166992188; 0.05449237759808; -0.0047690716026373	
00000129	18.19340706	[23604] -4167.2836914063; 4207.8735351563; 206.80828857422; -3065.5432128906; 4553.1108398438; 465.69058227539; -0.03416997174167; 0.0047813082350844	
00000130	18.20952606	[23604] -4156.1025390625; 4209.5400390625; 209.67585754395; -3068.3298339844; 4551.984375; 465.67590332031; 0.01431847578604; 0.022172395106053	
00000131	18.22539902	[23604] -4144.8759765625; 4211.2026367188; 212.56704711914; -3071.1052246094; 4550.818359375; 465.64712524414; 0.0031617905986562; -0.019436107261954	
00000132	18.24139214	[23604] -4133.6025390625; 4212.8754882813; 215.46617126465; -3073.8649902344; 4549.6162109375; 465.63220214844; 0.0014327209760537; 0.042849078648831	
00000133	18.27817154	[23604] -4122.2827148438; 4214.556640625; 218.37467956543; -3076.6032714844; 4548.3701171875; 465.61553955078; 0.019111571437431; -0.002515767155877	
00000134	18.28407288	[23604] -4110.9174804688; 4216.2368164063; 221.30027770996; -3079.3217773438; 4547.0981445313; 465.59078979492; -0.021650930316557; -0.0074457514823793	
00000135	18.28944588	[23604] -4099.509765625; 4217.9213867188; 224.25035095215; -3082.0349121094; 4545.7890625; 465.57192993164; 0.00016315917840871; 0.030061185609431	
00000136	18.30546761	[23604] -4088.0581054688; 4219.6127929688; 227.21662902832; -3084.7219238281; 4544.4321289063; 465.54992675781; 0.028816855192757; -0.0048177164476368	
00000137	18.32135391	[23604] -4076.5627441406; 4221.306640625; 230.19929504395; -3087.3894042969; 4543.052734375; 465.52111816406; -0.03213550166006; -0.0043309615277259	
00000138	18.33740807	[23604] -4065.0251464844; 4222.9956054688; 233.20671081543; -3090.0471191406; 4541.6376953125; 465.4831237793; -0.0014709728210268; -0.003080264817551	
00000139	18.35340881	[23604] -4053.4443359375; 4224.6904296875; 236.22830200195; -3092.6745605469; 4540.1806640625; 465.46328735352; 0.019928857898433; 0.042040205427824	
00000140	18.36945152	[23604] -4041.822265625; 4226.4052734375; 239.26162719727; -3095.2907714844; 4538.6938476563; 465.43469238281; -0.023156884839101; -0.013884395874996	
00000141	18.38540077	[23604] -4030.1586914063; 4228.1220703125; 242.31390380859; -3097.8713378906; 4537.1640625; 465.40930175781; 0.026125212001587; 0.010292668714615	
00000142	18.40145302	[23604] -4018.451171875; 4229.8359375; 245.37716674805; -3100.44140625; 4535.59765625; 465.38925170898; -0.011944475243935; 0.022543275795314	
00000143	18.41739845	[23604] -4006.7006835938; 4231.5678710938; 248.44247436523; -3102.9926757813; 4533.9995117188; 465.36102294922; -0.010519387231222; -0.011246161041287	
00000144	18.43341064	[23604] -3994.9130859375; 4233.3129882813; 251.53253173828; -3105.5141601563; 4532.3735351563; 465.3180847168; -0.010724201616258; -0.022775986014268	
00000145	18.44938660	[23604] -3983.0903320313; 4235.056640625; 254.6615447998; -3108.033203125; 4530.7290039063; 465.26879882813; -0.04587003090495; 0.0083562335899736	
00000146	18.46539688	[23604] -3971.2265625; 4236.7954101563; 257.80740356445; -3110.5048828125; 4529.0224609375; 465.23428344727; 0.07352983262379; 0.025096073440408	
00000147	18.48142624	[23604] -3959.3200683594; 4238.5375976563; 260.95965576172; -3112.95703125; 4527.2841796875; 465.21273803711; -0.028857615656975; 0.027476949630938	
00000148	18.49755669	[23604] -3947.3754882813; 4240.3022460938; 264.12106323242; -3115.3884277344; 4525.5234375; 465.18688964844; -0.028736922469779; -0.0090629915683457	
00000149	18.51348877	[23604] -3935.390625; 4242.0986328125; 267.27838134766; -3117.7917480469; 4523.716796875; 465.14831542969; 0.024584857384518; -0.0184055613311	
00000150	18.52958679	[23604] -3923.3664550781; 4243.92578125; 270.43283081055; -3120.1752929688; 4521.8872070313; 465.11370849609; -0.033975295008884; 0.022220703590232	
00000151	18.54547882	[23604] -3911.3063964844; 4245.73828125; 273.61978149414; -3122.5356445313; 4520.03515625; 465.05569458008; -0.02557896550977; -0.043577233368208	
00000152	18.56142616	[23604] -3899.2136230469; 4247.501953125; 276.8671875; -3124.8779296875; 4518.1455078125; 465.00564575195; -0.0012981219575609; 0.032062478194259	
00000153	18.57740402	[23604] -3887.0905761719; 4249.2646484375; 280.15768432617; -3127.1674804688; 4516.21484375; 464.97094726563; 0.020607677488051; 0.013482542150291	
00000154	18.59342957	[23604] -3874.9282226563; 4251.0673828125; 283.43493652344; -3129.447265625; 4514.2456054688; 464.9401550293; -0.018560695247808; 0.012512213541163	
00000155	18.60942841	[23604] -3862.7199707031; 4252.9028320313; 286.67684936523; -3131.6853027344; 4512.2548828125; 464.90234375; -0.022264060716134; -0.021437444650288	
00000156	18.62536240	[23604] -3850.4709472656; 4254.7622070313; 289.90634155273; -3133.9130859375; 4510.2368164063; 464.85546875; -0.029348501053149; -0.00038844353879847	
00000157	18.64144325	[23604] -3838.1906738281; 4256.6337890625; 293.16549682617; -3136.1062011719; 4508.1909179688; 464.80130004883; -0.01077744440931; -0.012257847783178	
00000158	18.65738678	[23604] -3825.8830566406; 4258.4907226563; 296.48135375977; -3138.2685546875; 4506.1079101563; 464.74395751953; -0.0016982567762231; -0.0031970346167084	
00000159	18.67359924	[23604] -3813.5466308594; 4260.3422851563; 299.84136962891; -3140.4084472656; 4504.00390625; 464.68951416016; -0.042622719514023; 0.0066418494797388	
00000160	18.68939400	[23604] -3801.1743164063; 4262.2338867188; 303.19183349609; -3142.5034179688; 4501.84765625; 464.65631103516; 0.042812426055511; 0.032821215566164	
00000161	18.70543289	[23604] -3788.7629394531; 4264.1977539063; 306.50054931641; -3144.5717773438; 4499.6831054688; 464.60833740234; -0.070614572376224; -0.036319846574699	
00000162	18.72138596	[23604] -3776.3166503906; 4266.2211914063; 309.78747558594; -3146.615234375; 4497.4741210938; 464.54870605469; 0.022610475643122; -0.0093902654567805	
00000163	18.73740387	[23604] -3763.8383789063; 4268.2568359375; 313.09222412109; -3148.6142578125; 4495.2495117188; 464.49249267578; -0.034008630258045; 0.0063369694609804	
00000164	18.75347710	[23604] -3751.3308105469; 4270.2973632813; 316.42987060547; -3150.5966796875; 4492.98828125; 464.43356323242; -0.0053893617515617; 0.0021261800329238	
00000165	18.78519440	[23604] -3738.7941894531; 4272.34375; 319.79647827148; -3152.5532226563; 4490.7158203125; 464.36532592773; -0.054117520496154; -0.019313707177123	
00000166	18.79105568	[23604] -3726.2229003906; 4274.4223632813; 323.1540222168; -3154.4526367188; 4488.3896484375; 464.3151550293; 0.061125520153646; 0.029447282256454	
00000167	18.80153656	[23604] -3713.6123046875; 4276.5532226563; 326.47052001953; -3156.3352050781; 4486.0595703125; 464.26605224609; -0.084821582438093; 0.0050650512473314	
00000168	18.81744194	[23604] -3700.9655761719; 4278.7163085938; 329.77035522461; -3158.1682128906; 4483.6860351563; 464.20397949219; 0.041437586401388; -0.029026220108294	
00000169	18.83340836	[23604] -3688.2912597656; 4280.890625; 333.09854125977; -3159.98828125; 4481.2944335938; 464.14294433594; -0.054395263787876; 0.02216675322576	
00000170	18.84942627	[23604] -3675.5927734375; 4283.0971679688; 336.45120239258; -3161.7612304688; 4478.8793945313; 464.08352661133; -0.0024340763572861; -0.0039773010955362	
00000171	18.86543846	[23604] -3662.8645019531; 4285.326171875; 339.81271362305; -3163.5078125; 4476.4370117188; 464.01916503906; -0.018336686396672; -0.0036920275332414	
00000172	18.88137054	[23604] -3650.1091308594; 4287.5815429688; 343.18954467773; -3165.2243652344; 4473.9794921875; 463.94564819336; -0.03736609483884; -0.015074019632127	
00000173	18.89755440	[23604] -3637.322265625; 4289.8676757813; 346.5622253418; -3166.890625; 4471.4799804688; 463.88973999023; 0.036198333593868; 0.034778311861731	
00000174	18.91343117	[23604] -3624.50390625; 4292.1826171875; 349.92999267578; -3168.5278320313; 4468.97265625; 463.83285522461; -0.060330085511224; -0.0038838036409894	
00000175	18.92940140	[23604] -3611.6608886719; 4294.5249023438; 353.31939697266; -3170.1350097656; 4466.4311523438; 463.76501464844; 0.0090144790976805; -0.016781770116131	
00000176	18.94547653	[23604] -3598.7907714844; 4296.8896484375; 356.72299194336; -3171.6958007813; 4463.8696289063; 463.71008300781; -0.015211645129701; 0.025976791585195	
00000177	18.96149826	[23604] -3585.8879394531; 4299.2875976563; 360.11080932617; -3173.2287597656; 4461.2973632813; 463.64263916016; -0.044732516817632; -0.023522004429389	
00000178	18.97768402	[23604] -3572.9555664063; 4301.697265625; 363.50720214844; -3174.7375488281; 4458.6918945313; 463.57205200195; 0.0023302098959278; 0.0084501532961827	
00000179	18.99345207	[23604] -3560.0029296875; 4304.125; 366.94165039063; -3176.1979980469; 4456.07421875; 463.50173950195; -0.029525133670966; -0.0067785137899215	
00000180	19.00944519	[23604] -3547.0256347656; 4306.5947265625; 370.38098144531; -3177.6162109375; 4453.431640625; 463.44226074219; -0.0014294495708902; 0.020352340037358	
00000181	19.02540970	[23604] -3534.0178222656; 4309.0908203125; 373.81265258789; -3179.0063476563; 4450.767578125; 463.38125610352; -0.023559269983196; -0.0015872677075901	
00000182	19.04141426	[23604] -3520.984375; 4311.6186523438; 377.2507019043; -3180.3559570313; 4448.0864257813; 463.32260131836; -0.016979574066348; 0.0047912067085188	
00000183	19.05741692	[23604] -3507.9287109375; 4314.1875; 380.69842529297; -3181.6669921875; 4445.3837890625; 463.26406860352; -0.0078132962734839; 0.0011504861540724	
00000184	19.07341576	[23604] -3494.8461914063; 4316.7827148438; 384.15075683594; -3182.9431152344; 4442.6674804688; 463.20962524414; -0.025890795962066; 0.011853906939428	
00000185	19.08936310	[23604] -3481.7377929688; 4319.38671875; 387.62066650391; -3184.1916503906; 4439.9345703125; 463.12927246094; -0.026780084917933; -0.049816789355567	
00000186	19.10539246	[23604] -3468.6069335938; 4322.0107421875; 391.11340332031; -3185.4018554688; 4437.1845703125; 463.05676269531; -0.014813714964524; 0.022965849677726	
00000187	19.12148094	[23604] -3455.4536132813; 4324.6748046875; 394.61145019531; -3186.5681152344; 4434.416015625; 463.00552368164; -0.0061543128358028; 0.034494809998112	
00000188	19.13741684	[23604] -3442.2744140625; 4327.369140625; 398.10903930664; -3187.6906738281; 4431.6337890625; 462.9514465332; -0.017814727908517; -0.01805861338369	
00000189	19.15352249	[23604] -3429.072265625; 4330.0849609375; 401.62145996094; -3188.7836914063; 4428.8251953125; 462.90017700195; -6.6602560326021e-05; 0.011654071984691	
00000190	19.16943550	[23604] -3415.8425292969; 4332.8403320313; 405.11422729492; -3189.8264160156; 4426.013671875; 462.84588623047; -0.029197266684156; -0.011930585037162	
00000191	19.18539238	[23604] -3402.58203125; 4335.6435546875; 408.56964111328; -3190.8510742188; 4423.1860351563; 462.79275512695; -0.016860065770682; 0.029365388506316	
00000192	19.20147705	[23604] -3389.3054199219; 4338.462890625; 412.0634765625; -3191.8359375; 4420.3471679688; 462.72348022461; -0.011651822396756; -0.029991476435519	
00000193	19.21742249	[23604] -3376.0222167969; 4341.2841796875; 415.64309692383; -3192.7819824219; 4417.4877929688; 462.6526184082; 0.0037123303004591; -0.0094492148112946	
00000194	19.23340225	[23604] -3362.724609375; 4344.12109375; 419.26791381836; -3193.6892089844; 4414.626953125; 462.61004638672; -0.034894768671942; 0.033391317464649	
00000195	19.24937820	[23604] -3349.3999023438; 4346.998046875; 422.86996459961; -3194.5427246094; 4411.7407226563; 462.57168579102; 0.036823160595743; -0.027172972091206	
00000196	19.26538086	[23604] -3336.0498046875; 4349.9233398438; 426.44943237305; -3195.3686523438; 4408.84765625; 462.52197265625; -0.022467560294175; -0.030432330944878	
00000197	19.29237938	[23604] -3322.6772460938; 4352.8720703125; 430.03524780273; -3196.1564941406; 4405.9418945313; 462.47848510742; 0.017974651747429; 0.0034752264304677	
00000198	19.29866028	[23604] -3309.2734375; 4355.8159179688; 433.61776733398; -3196.9094238281; 4403.0327148438; 462.4264831543; -0.014674557059193; -0.034600564827431	
00000199	19.31341362	[23604] -3295.8505859375; 4358.78125; 437.21850585938; -3197.6328125; 4400.1044921875; 462.37219238281; 0.025040624735444; -0.02300087056657	
00000200	19.32938194	[23604] -3282.4096679688; 4361.771484375; 440.83865356445; -3198.3127441406; 4397.1845703125; 462.31848144531; -0.015050960255157; -0.049137985633299	
00000201	19.34538078	[23604] -3268.9291992188; 4364.7602539063; 444.41549682617; -3198.9506835938; 4394.2294921875; 462.28759765625; 0.092063262576826; 0.031704231845275	
00000202	19.36141777	[23604] -3255.4001464844; 4367.7421875; 447.91931152344; -3199.5356445313; 4391.2822265625; 462.25296020508; -0.0090726857106317; 0.020920395233493	
00000203	19.37745476	[23604] -3241.833984375; 4370.7412109375; 451.37188720703; -3200.1059570313; 4388.322265625; 462.21591186523; 0.039312394454932; 0.17911971645369	
00000204	19.39352989	[23604] -3228.2348632813; 4373.7446289063; 454.79916381836; -3200.6218261719; 4385.3588867188; 462.1774597168; 0.10275997038783; 0.42935153605208	
00000205	19.40941429	[23604] -3214.5971679688; 4376.7333984375; 458.19152832031; -3201.1181640625; 4382.3837890625; 462.14227294922; 0.25237485351148; 2.1573941929985	
00000206	19.42563438	[23604] -3200.916015625; 4379.6518554688; 461.57525634766; -3201.5610351563; 4379.4033203125; 462.09707641602; 84.858409495978; -371.4478553287	
00000207	19.44152832	[23604] -3195.3017578125; 4381.095703125; 463.75085449219; -3201.9833984375; 4376.419921875; 462.06298828125; 0.12575932024872; -0.98034378592151	
00000208	19.45746231	[23604] -3189.6252441406; 4383.1352539063; 465.24124145508; -3202.3486328125; 4373.4291992188; 462.04205322266; -0.53904809011516; 0.46357588804643	
00000209	19.47343826	[23604] -3183.69140625; 4385.2075195313; 466.70449829102; -3202.6811523438; 4370.4326171875; 462.01620483398; 0.75963987920521; -0.051053463642394	
00000210	19.48949051	[23604] -3177.8513183594; 4387.1533203125; 468.26034545898; -3202.9753417969; 4367.43359375; 461.98846435547; -0.47603542976964; -0.76890555894465	
00000211	19.50548553	[23604] -3172.2431640625; 4388.935546875; 469.84600830078; -3180.7172851563; 4366.9096679688; 467.28582763672; 17.258994450574; -9.0694811114224	
00000212	19.52153969	[23604] -3166.9077148438; 4390.5966796875; 471.400390625; -3192.9216308594; 4363.025390625; 464.22836303711; 0.85632208285039; 0.51192423444417	
00000213	19.53748703	[23604] -3161.8564453125; 4392.197265625; 472.90115356445; -3192.0407714844; 4360.4340820313; 464.20779418945; 0.33647448750654; -0.92723651073858	
00000214	19.55348396	[23604] -3157.0844726563; 4393.7802734375; 474.33834838867; -3191.0295410156; 4357.9711914063; 464.17303466797; -0.96165428814385; -0.15083376394482	
00000215	19.56942940	[23604] -3152.5715332031; 4395.412109375; 475.7209777832; -3190.0791015625; 4355.5375976563; 464.04364013672; 0.00059944346785934; 0.96209361899223	
00000216	19.58546638	[23604] -3148.3151855469; 4397.0883789063; 477.04605102539; -3189.1950683594; 4353.1416015625; 463.8307800293; 0.94990114953953; -0.08545098961805	
00000217	19.60144234	[23604] -3144.3142089844; 4398.7983398438; 478.31640625; -3188.3850097656; 4350.802734375; 463.5524597168; -0.10160247093282; -0.94243981439541	
00000218	19.61743355	[23604] -3140.5634765625; 4400.5473632813; 479.53924560547; -3187.6989746094; 4348.5180664063; 463.1955871582; -0.94242884950165; 0.050394206084906	
00000219	19.63349724	[23604] -3137.0595703125; 4402.3354492188; 480.72012329102; -3187.0603027344; 4346.3247070313; 462.73422241211; -0.068134042904732; 0.93803520489339	
00000220	19.64947701	[23604] -3133.798828125; 4404.1640625; 481.86343383789; -3186.4655761719; 4344.2124023438; 462.15368652344; 0.90357687065603; 0.25027270485622	
00000221	19.66542053	[23604] -3130.7797851563; 4406.03125; 482.97061157227; -3185.8879394531; 4342.1713867188; 461.48120117188; 0.44455834222515; -0.82218424350771	
00000222	19.68143272	[23604] -3128.0007324219; 4407.9365234375; 484.04327392578; -3185.341796875; 4340.21875; 460.71441650391; -0.69746663665922; -0.61750193195918	
00000223	19.69755936	[23604] -3125.4597167969; 4409.8784179688; 485.08447265625; -3184.8122558594; 4338.328125; 459.86074829102; -0.75796864014745; 0.53508505529074	
00000224	19.71341515	[23604] -3123.1552734375; 4411.85546875; 486.09765625; -3184.2868652344; 4336.5092773438; 458.91201782227; 0.3425905291246; 0.85742696164748	
00000225	19.72943497	[23604] -3121.0842285156; 4413.8676757813; 487.08459472656; -3183.7663574219; 4334.7651367188; 457.88305664063; 0.91272700642788; -0.10469664209183	
00000226	19.74540710	[23604] -3119.244140625; 4415.9150390625; 488.04678344727; -3183.2358398438; 4333.091796875; 456.76617431641; 0.19360914180981; -0.89375941176877	
00000227	19.78493881	[23604] -3117.6276855469; 4417.9990234375; 488.98770141602; -3182.7014160156; 4331.4829101563; 455.5617980957; -0.75282860215391; -0.511061846814	
00000228	19.79120255	[23604] -3116.2268066406; 4420.1220703125; 489.91137695313; -3182.1496582031; 4329.9467773438; 454.27954101563; -0.75854741080842; 0.49016058633863	
00000229	19.79339409	[23604] -3115.033203125; 4422.28515625; 490.82342529297; -3181.576171875; 4328.5043945313; 452.92092895508; 0.1521554700732; 0.87957956741477	
00000230	19.80941010	[23604] -3114.0393066406; 4424.4916992188; 491.72821044922; -3180.9470214844; 4327.1318359375; 451.48284912109; 0.84474954846328; 0.23925077505802	
00000231	19.82538605	[23604] -3113.2368164063; 4426.7446289063; 492.63107299805; -3180.294921875; 4325.8349609375; 449.98751831055; 0.60335613410866; -0.61039922089206	
00000232	19.84144402	[23604] -3112.619140625; 4429.0463867188; 493.53903198242; -3179.5681152344; 4324.5991210938; 448.42404174805; -0.21765113323278; -0.80212193660266	
00000233	19.85742950	[23604] -3112.17578125; 4431.4028320313; 494.45938110352; -3178.8037109375; 4323.4165039063; 446.81774902344; -0.75955191173538; -0.23682988216702	
00000234	19.87352943	[23604] -3111.8896484375; 4433.8212890625; 495.4026184082; -3177.9736328125; 4322.2890625; 445.16763305664; -0.60242798645698; 0.4482577219117	
00000235	19.88958740	[23604] -3111.740234375; 4436.3100585938; 496.37973022461; -3177.0737304688; 4321.2060546875; 443.48416137695; -0.033670348883405; 0.69594938806275	
00000236	19.90550423	[23604] -3111.7045898438; 4438.8774414063; 497.40057373047; -3176.1020507813; 4320.1733398438; 441.76690673828; 0.43471357365639; 0.4605717111972	
00000237	19.92143440	[23604] -3111.7565917969; 4441.529296875; 498.47476196289; -3175.0747070313; 4319.1826171875; 440.03060913086; 0.55814308721158; 0.061752240138584	
00000238	19.93745995	[23604] -3111.8674316406; 4444.2724609375; 499.60919189453; -3173.9606933594; 4318.216796875; 438.26248168945; 0.42876423121539; -0.22182448736499	
00000239	19.95343781	[23604] -3112.0070800781; 4447.1103515625; 500.80752563477; -3172.76953125; 4317.2954101563; 436.48254394531; 0.23720346658887; -0.3218943087772	
00000240	19.96946335	[23604] -3112.1450195313; 4450.044921875; 502.06936645508; -3171.509765625; 4316.3881835938; 434.69989013672; 0.09769192730099; -0.30368836263949	
00000241	19.98551750	[23604] -3112.2512207031; 4453.0786132813; 503.38934326172; -3170.1608886719; 4315.501953125; 432.91735839844; 0.030230690085478; -0.24796236107763	
00000242	20.00146866	[23604] -3112.3017578125; 4456.212890625; 504.75680541992; -3168.7509765625; 4314.6274414063; 431.142578125; 0.014853370872894; -0.20263550056269	
00000243	20.02143288	[23604] -3112.2783203125; 4459.4487304688; 506.1575012207; -3167.2651367188; 4313.76171875; 429.37164306641; 0.019356451000533; -0.18523791163058	
00000244	20.03354645	[23604] -3112.1716308594; 4462.7890625; 507.57632446289; -3165.7141113281; 4312.8950195313; 427.62585449219; 0.018496114162087; -0.19427565682926	
00000245	20.04941750	[23604] -3111.9812011719; 4466.2368164063; 508.99893188477; -3164.0830078125; 4312.0239257813; 425.8974609375; 0.0035479961602414; -0.21802063076969	
00000246	20.06554604	[23604] -3111.7150878906; 4469.7963867188; 510.41137695313; -3162.4038085938; 4311.1547851563; 424.19738769531; -0.02500611491564; -0.24232094574609	
00000247	20.08155823	[23604] -3111.3857421875; 4473.4721679688; 511.80236816406; -3160.6486816406; 4310.2626953125; 422.52462768555; -0.066131928892985; -0.25747361594119	
00000248	20.09761047	[23604] -3111.0100097656; 4477.2670898438; 513.16546630859; -3158.8552246094; 4309.3618164063; 420.89031982422; -0.11408022612844; -0.25939738090314	
00000249	20.11353874	[23604] -3110.6071777344; 4481.18359375; 514.49896240234; -3156.9887695313; 4308.4453125; 419.29095458984; -0.15814454158136; -0.25042472272914	
00000250	20.12950897	[23604] -3110.1977539063; 4485.2221679688; 515.80432128906; -3155.0915527344; 4307.5; 417.72476196289; -0.19185676218714; -0.23551860737759	
00000251	20.14549255	[23604] -3109.7985839844; 4489.3823242188; 517.08489990234; -3153.1389160156; 4306.5361328125; 416.21557617188; -0.21442866108267; -0.21820293165238	
00000252	20.16159058	[23604] -3109.4213867188; 4493.6616210938; 518.34594726563; -3151.1455078125; 4305.5478515625; 414.73611450195; -0.22680271262595; -0.20222766039828	
00000253	20.17754364	[23604] -3109.0727539063; 4498.0581054688; 519.59326171875; -3149.1232910156; 4304.5249023438; 413.31112670898; -0.23083803913508; -0.19100126924089	
00000254	20.19359589	[23604] -3108.7546386719; 4502.5693359375; 520.83209228516; -3147.0563964844; 4303.4760742188; 411.93267822266; -0.22924784154506; -0.18624141244229	
00000255	20.20951843	[23604] -3108.46484375; 4507.1938476563; 522.06512451172; -3144.9660644531; 4302.388671875; 410.59906005859; -0.22441634841899; -0.1881053078919	
00000256	20.22549057	[23604] -3108.19921875; 4511.9296875; 523.29205322266; -3142.8488769531; 4301.2729492188; 409.31848144531; -0.21781579245471; -0.19579763044831	
00000257	20.24147987	[23604] -3107.9519042969; 4516.7768554688; 524.50988769531; -3140.7062988281; 4300.1181640625; 408.08782958984; -0.21127426682726; -0.20691767977753	
00000258	20.25746155	[23604] -3107.7175292969; 4521.734375; 525.71331787109; -3138.5515136719; 4298.9291992188; 406.91101074219; -0.20623078762345; -0.21894687712126	
00000259	20.30116081	[23604] -3107.4929199219; 4526.8032226563; 526.89605712891; -3136.3666992188; 4297.6943359375; 405.78662109375; -0.20297693960179; -0.23031160257429	
00000260	20.30741501	[23604] -3107.2775878906; 4531.982421875; 528.05163574219; -3134.1801757813; 4296.4326171875; 404.70959472656; -0.20134268307797; -0.24039698100577	
00000261	20.30871391	[23604] -3107.0727539063; 4537.271484375; 529.17425537109; -3131.9851074219; 4295.1318359375; 403.69522094727; -0.20048777732908; -0.24955374817803	
00000262	20.32152557	[23604] -3106.8806152344; 4542.6704101563; 530.25872802734; -3129.7697753906; 4293.783203125; 402.73156738281; -0.19996288946116; -0.25854540861102	
00000263	20.33759117	[23604] -3106.7038574219; 4548.177734375; 531.30004882813; -3127.5656738281; 4292.4033203125; 401.81530761719; -0.19980486055491; -0.26805715282019	
00000264	20.35345459	[23604] -3106.5441894531; 4553.79296875; 532.29260253906; -3125.3452148438; 4290.9838867188; 400.95391845703; -0.19991349150561; -0.27870613150215	
00000265	20.36943436	[23604] -3106.4028320313; 4559.5146484375; 533.22979736328; -3123.1323242188; 4289.5234375; 400.15530395508; -0.2004020635504; -0.29087992356153	
00000266	20.38546562	[23604] -3106.2802734375; 4565.341796875; 534.10321044922; -3120.912109375; 4288.0317382813; 399.39724731445; -0.2013224375945; -0.30497154706604	
00000267	20.42481804	[23604] -3106.1762695313; 4571.2734375; 534.90289306641; -3118.7104492188; 4286.4965820313; 398.70123291016; -0.20277515691818; -0.3210635813573	
